<?xml version="1.0" encoding="UTF-8"?>
<coverage generated="1574255425805" clover="3.2.0">
  <project timestamp="1574255425805" name="All files">
    <metrics statements="88" coveredstatements="88" conditionals="50" coveredconditionals="44" methods="19" coveredmethods="19" elements="157" coveredelements="151" complexity="0" loc="88" ncloc="88" packages="1" files="2" classes="2"/>
    <file name="APIClient.js" path="/Users/erichua/Projects/UnPourTous/trident/library/network/APIClient.js">
      <metrics statements="59" coveredstatements="59" conditionals="38" coveredconditionals="33" methods="13" coveredmethods="13"/>
      <line num="7" count="1" type="stmt"/>
      <line num="18" count="1" type="stmt"/>
      <line num="21" count="11" type="stmt"/>
      <line num="22" count="11" type="stmt"/>
      <line num="25" count="11" type="stmt"/>
      <line num="38" count="11" type="stmt"/>
      <line num="39" count="11" type="stmt"/>
      <line num="43" count="13" type="stmt"/>
      <line num="47" count="13" type="stmt"/>
      <line num="58" count="2" type="stmt"/>
      <line num="59" count="2" type="stmt"/>
      <line num="63" count="2" type="stmt"/>
      <line num="73" count="2" type="cond" truecount="2" falsecount="0"/>
      <line num="74" count="1" type="stmt"/>
      <line num="76" count="1" type="stmt"/>
      <line num="81" count="5" type="cond" truecount="2" falsecount="0"/>
      <line num="82" count="1" type="stmt"/>
      <line num="87" count="4" type="stmt"/>
      <line num="104" count="13" type="cond" truecount="2" falsecount="0"/>
      <line num="105" count="1" type="stmt"/>
      <line num="108" count="12" type="stmt"/>
      <line num="110" count="12" type="stmt"/>
      <line num="111" count="12" type="cond" truecount="2" falsecount="0"/>
      <line num="112" count="11" type="stmt"/>
      <line num="113" count="1" type="cond" truecount="1" falsecount="1"/>
      <line num="114" count="1" type="stmt"/>
      <line num="117" count="12" type="stmt"/>
      <line num="118" count="12" type="stmt"/>
      <line num="120" count="12" type="stmt"/>
      <line num="127" count="12" type="stmt"/>
      <line num="137" count="22" type="cond" truecount="1" falsecount="1"/>
      <line num="138" count="22" type="stmt"/>
      <line num="140" count="22" type="stmt"/>
      <line num="141" count="22" type="stmt"/>
      <line num="143" count="37" type="cond" truecount="2" falsecount="0"/>
      <line num="144" count="33" type="stmt"/>
      <line num="146" count="4" type="stmt"/>
      <line num="149" count="29" type="stmt"/>
      <line num="150" count="7" type="cond" truecount="0" falsecount="2"/>
      <line num="151" count="22" type="cond" truecount="2" falsecount="0"/>
      <line num="158" count="22" type="stmt"/>
      <line num="172" count="22" type="stmt"/>
      <line num="181" count="13" type="stmt"/>
      <line num="183" count="13" type="cond" truecount="2" falsecount="0"/>
      <line num="184" count="1" type="stmt"/>
      <line num="187" count="13" type="cond" truecount="2" falsecount="0"/>
      <line num="188" count="1" type="stmt"/>
      <line num="191" count="13" type="cond" truecount="2" falsecount="0"/>
      <line num="192" count="1" type="stmt"/>
      <line num="194" count="13" type="cond" truecount="2" falsecount="0"/>
      <line num="195" count="1" type="stmt"/>
      <line num="197" count="13" type="cond" truecount="2" falsecount="0"/>
      <line num="198" count="1" type="stmt"/>
      <line num="200" count="13" type="cond" truecount="2" falsecount="0"/>
      <line num="201" count="9" type="stmt"/>
      <line num="203" count="13" type="cond" truecount="2" falsecount="0"/>
      <line num="204" count="9" type="stmt"/>
      <line num="206" count="13" type="stmt"/>
      <line num="212" count="1" type="stmt"/>
    </file>
    <file name="AxiosAdapter.js" path="/Users/erichua/Projects/UnPourTous/trident/library/network/AxiosAdapter.js">
      <metrics statements="29" coveredstatements="29" conditionals="12" coveredconditionals="11" methods="6" coveredmethods="6"/>
      <line num="13" count="1" type="stmt"/>
      <line num="20" count="1" type="stmt"/>
      <line num="21" count="1" type="stmt"/>
      <line num="22" count="16" type="stmt"/>
      <line num="25" count="11" type="stmt"/>
      <line num="27" count="11" type="stmt"/>
      <line num="28" count="11" type="stmt"/>
      <line num="33" count="12" type="cond" truecount="2" falsecount="0"/>
      <line num="34" count="2" type="stmt"/>
      <line num="35" count="2" type="cond" truecount="4" falsecount="0"/>
      <line num="37" count="1" type="stmt"/>
      <line num="38" count="1" type="stmt"/>
      <line num="39" count="1" type="stmt"/>
      <line num="40" count="1" type="stmt"/>
      <line num="41" count="1" type="cond" truecount="1" falsecount="1"/>
      <line num="42" count="1" type="stmt"/>
      <line num="46" count="10" type="cond" truecount="2" falsecount="0"/>
      <line num="47" count="9" type="stmt"/>
      <line num="49" count="9" type="stmt"/>
      <line num="50" count="9" type="cond" truecount="2" falsecount="0"/>
      <line num="51" count="2" type="stmt"/>
      <line num="53" count="2" type="stmt"/>
      <line num="59" count="8" type="stmt"/>
      <line num="60" count="8" type="stmt"/>
      <line num="61" count="7" type="stmt"/>
      <line num="62" count="7" type="stmt"/>
      <line num="68" count="7" type="stmt"/>
      <line num="69" count="7" type="stmt"/>
      <line num="70" count="7" type="stmt"/>
    </file>
  </project>
</coverage>
