{"/Users/erichua/Projects/UnPourTous/trident/library/network/APIClient.js": {"path":"/Users/erichua/Projects/UnPourTous/trident/library/network/APIClient.js","statementMap":{"0":{"start":{"line":7,"column":14},"end":{"line":9,"column":2}},"1":{"start":{"line":18,"column":24},"end":{"line":18,"column":58}},"2":{"start":{"line":21,"column":13},"end":{"line":21,"column":15}},"3":{"start":{"line":22,"column":13},"end":{"line":22,"column":26}},"4":{"start":{"line":25,"column":4},"end":{"line":36,"column":5}},"5":{"start":{"line":38,"column":4},"end":{"line":38,"column":37}},"6":{"start":{"line":39,"column":4},"end":{"line":39,"column":16}},"7":{"start":{"line":43,"column":4},"end":{"line":45,"column":6}},"8":{"start":{"line":47,"column":4},"end":{"line":50,"column":6}},"9":{"start":{"line":58,"column":4},"end":{"line":58,"column":27}},"10":{"start":{"line":59,"column":4},"end":{"line":59,"column":16}},"11":{"start":{"line":63,"column":4},"end":{"line":63,"column":58}},"12":{"start":{"line":73,"column":4},"end":{"line":77,"column":5}},"13":{"start":{"line":74,"column":6},"end":{"line":74,"column":58}},"14":{"start":{"line":76,"column":6},"end":{"line":76,"column":57}},"15":{"start":{"line":81,"column":4},"end":{"line":91,"column":5}},"16":{"start":{"line":82,"column":6},"end":{"line":85,"column":7}},"17":{"start":{"line":87,"column":6},"end":{"line":90,"column":7}},"18":{"start":{"line":104,"column":4},"end":{"line":106,"column":5}},"19":{"start":{"line":105,"column":6},"end":{"line":105,"column":49}},"20":{"start":{"line":108,"column":4},"end":{"line":108,"column":35}},"21":{"start":{"line":110,"column":20},"end":{"line":110,"column":22}},"22":{"start":{"line":111,"column":4},"end":{"line":115,"column":5}},"23":{"start":{"line":112,"column":6},"end":{"line":112,"column":27}},"24":{"start":{"line":113,"column":11},"end":{"line":115,"column":5}},"25":{"start":{"line":114,"column":6},"end":{"line":114,"column":25}},"26":{"start":{"line":117,"column":18},"end":{"line":117,"column":41}},"27":{"start":{"line":118,"column":4},"end":{"line":118,"column":64}},"28":{"start":{"line":120,"column":24},"end":{"line":126,"column":5}},"29":{"start":{"line":127,"column":4},"end":{"line":127,"column":45}},"30":{"start":{"line":137,"column":23},"end":{"line":137,"column":48}},"31":{"start":{"line":138,"column":26},"end":{"line":138,"column":97}},"32":{"start":{"line":140,"column":20},"end":{"line":140,"column":51}},"33":{"start":{"line":141,"column":26},"end":{"line":150,"column":97}},"34":{"start":{"line":143,"column":8},"end":{"line":147,"column":9}},"35":{"start":{"line":144,"column":10},"end":{"line":144,"column":41}},"36":{"start":{"line":146,"column":10},"end":{"line":146,"column":22}},"37":{"start":{"line":149,"column":19},"end":{"line":149,"column":31}},"38":{"start":{"line":150,"column":58},"end":{"line":150,"column":95}},"39":{"start":{"line":151,"column":29},"end":{"line":151,"column":52}},"40":{"start":{"line":158,"column":4},"end":{"line":162,"column":5}},"41":{"start":{"line":172,"column":4},"end":{"line":172,"column":44}},"42":{"start":{"line":181,"column":22},"end":{"line":181,"column":24}},"43":{"start":{"line":183,"column":4},"end":{"line":185,"column":5}},"44":{"start":{"line":184,"column":6},"end":{"line":184,"column":60}},"45":{"start":{"line":187,"column":4},"end":{"line":189,"column":5}},"46":{"start":{"line":188,"column":6},"end":{"line":188,"column":61}},"47":{"start":{"line":191,"column":4},"end":{"line":193,"column":5}},"48":{"start":{"line":192,"column":6},"end":{"line":192,"column":72}},"49":{"start":{"line":194,"column":4},"end":{"line":196,"column":5}},"50":{"start":{"line":195,"column":6},"end":{"line":195,"column":72}},"51":{"start":{"line":197,"column":4},"end":{"line":199,"column":5}},"52":{"start":{"line":198,"column":6},"end":{"line":198,"column":72}},"53":{"start":{"line":200,"column":4},"end":{"line":202,"column":5}},"54":{"start":{"line":201,"column":6},"end":{"line":201,"column":73}},"55":{"start":{"line":203,"column":4},"end":{"line":205,"column":5}},"56":{"start":{"line":204,"column":6},"end":{"line":204,"column":34}},"57":{"start":{"line":206,"column":4},"end":{"line":206,"column":20}},"58":{"start":{"line":212,"column":21},"end":{"line":212,"column":30}}},"fnMap":{"0":{"name":"(anonymous_0)","decl":{"start":{"line":24,"column":2},"end":{"line":24,"column":3}},"loc":{"start":{"line":24,"column":17},"end":{"line":40,"column":3}},"line":24},"1":{"name":"(anonymous_1)","decl":{"start":{"line":42,"column":2},"end":{"line":42,"column":3}},"loc":{"start":{"line":42,"column":11},"end":{"line":51,"column":3}},"line":42},"2":{"name":"(anonymous_2)","decl":{"start":{"line":57,"column":2},"end":{"line":57,"column":3}},"loc":{"start":{"line":57,"column":34},"end":{"line":60,"column":3}},"line":57},"3":{"name":"(anonymous_3)","decl":{"start":{"line":62,"column":2},"end":{"line":62,"column":3}},"loc":{"start":{"line":62,"column":53},"end":{"line":64,"column":3}},"line":62},"4":{"name":"(anonymous_4)","decl":{"start":{"line":72,"column":2},"end":{"line":72,"column":3}},"loc":{"start":{"line":72,"column":45},"end":{"line":78,"column":3}},"line":72},"5":{"name":"(anonymous_5)","decl":{"start":{"line":80,"column":2},"end":{"line":80,"column":3}},"loc":{"start":{"line":80,"column":45},"end":{"line":92,"column":3}},"line":80},"6":{"name":"(anonymous_6)","decl":{"start":{"line":103,"column":2},"end":{"line":103,"column":3}},"loc":{"start":{"line":103,"column":73},"end":{"line":128,"column":3}},"line":103},"7":{"name":"(anonymous_7)","decl":{"start":{"line":136,"column":2},"end":{"line":136,"column":3}},"loc":{"start":{"line":136,"column":45},"end":{"line":163,"column":3}},"line":136},"8":{"name":"(anonymous_8)","decl":{"start":{"line":142,"column":14},"end":{"line":142,"column":15}},"loc":{"start":{"line":142,"column":22},"end":{"line":148,"column":7}},"line":142},"9":{"name":"(anonymous_9)","decl":{"start":{"line":149,"column":11},"end":{"line":149,"column":12}},"loc":{"start":{"line":149,"column":19},"end":{"line":149,"column":31}},"line":149},"10":{"name":"(anonymous_10)","decl":{"start":{"line":150,"column":14},"end":{"line":150,"column":15}},"loc":{"start":{"line":150,"column":58},"end":{"line":150,"column":95}},"line":150},"11":{"name":"(anonymous_11)","decl":{"start":{"line":171,"column":2},"end":{"line":171,"column":3}},"loc":{"start":{"line":171,"column":30},"end":{"line":173,"column":3}},"line":171},"12":{"name":"(anonymous_12)","decl":{"start":{"line":180,"column":2},"end":{"line":180,"column":3}},"loc":{"start":{"line":180,"column":24},"end":{"line":207,"column":3}},"line":180}},"branchMap":{"0":{"loc":{"start":{"line":72,"column":31},"end":{"line":72,"column":43}},"type":"default-arg","locations":[{"start":{"line":72,"column":39},"end":{"line":72,"column":43}}],"line":72},"1":{"loc":{"start":{"line":73,"column":4},"end":{"line":77,"column":5}},"type":"if","locations":[{"start":{"line":73,"column":4},"end":{"line":77,"column":5}},{"start":{"line":73,"column":4},"end":{"line":77,"column":5}}],"line":73},"2":{"loc":{"start":{"line":80,"column":31},"end":{"line":80,"column":43}},"type":"default-arg","locations":[{"start":{"line":80,"column":39},"end":{"line":80,"column":43}}],"line":80},"3":{"loc":{"start":{"line":81,"column":4},"end":{"line":91,"column":5}},"type":"if","locations":[{"start":{"line":81,"column":4},"end":{"line":91,"column":5}},{"start":{"line":81,"column":4},"end":{"line":91,"column":5}}],"line":81},"4":{"loc":{"start":{"line":103,"column":28},"end":{"line":103,"column":43}},"type":"default-arg","locations":[{"start":{"line":103,"column":41},"end":{"line":103,"column":43}}],"line":103},"5":{"loc":{"start":{"line":103,"column":45},"end":{"line":103,"column":57}},"type":"default-arg","locations":[{"start":{"line":103,"column":55},"end":{"line":103,"column":57}}],"line":103},"6":{"loc":{"start":{"line":103,"column":59},"end":{"line":103,"column":71}},"type":"default-arg","locations":[{"start":{"line":103,"column":69},"end":{"line":103,"column":71}}],"line":103},"7":{"loc":{"start":{"line":104,"column":4},"end":{"line":106,"column":5}},"type":"if","locations":[{"start":{"line":104,"column":4},"end":{"line":106,"column":5}},{"start":{"line":104,"column":4},"end":{"line":106,"column":5}}],"line":104},"8":{"loc":{"start":{"line":111,"column":4},"end":{"line":115,"column":5}},"type":"if","locations":[{"start":{"line":111,"column":4},"end":{"line":115,"column":5}},{"start":{"line":111,"column":4},"end":{"line":115,"column":5}}],"line":111},"9":{"loc":{"start":{"line":113,"column":11},"end":{"line":115,"column":5}},"type":"if","locations":[{"start":{"line":113,"column":11},"end":{"line":115,"column":5}},{"start":{"line":113,"column":11},"end":{"line":115,"column":5}}],"line":113},"10":{"loc":{"start":{"line":136,"column":28},"end":{"line":136,"column":43}},"type":"default-arg","locations":[{"start":{"line":136,"column":41},"end":{"line":136,"column":43}}],"line":136},"11":{"loc":{"start":{"line":137,"column":23},"end":{"line":137,"column":48}},"type":"binary-expr","locations":[{"start":{"line":137,"column":23},"end":{"line":137,"column":39}},{"start":{"line":137,"column":43},"end":{"line":137,"column":48}}],"line":137},"12":{"loc":{"start":{"line":143,"column":8},"end":{"line":147,"column":9}},"type":"if","locations":[{"start":{"line":143,"column":8},"end":{"line":147,"column":9}},{"start":{"line":143,"column":8},"end":{"line":147,"column":9}}],"line":143},"13":{"loc":{"start":{"line":150,"column":15},"end":{"line":150,"column":33}},"type":"default-arg","locations":[{"start":{"line":150,"column":31},"end":{"line":150,"column":33}}],"line":150},"14":{"loc":{"start":{"line":150,"column":35},"end":{"line":150,"column":52}},"type":"default-arg","locations":[{"start":{"line":150,"column":50},"end":{"line":150,"column":52}}],"line":150},"15":{"loc":{"start":{"line":151,"column":29},"end":{"line":151,"column":52}},"type":"binary-expr","locations":[{"start":{"line":151,"column":29},"end":{"line":151,"column":46}},{"start":{"line":151,"column":50},"end":{"line":151,"column":52}}],"line":151},"16":{"loc":{"start":{"line":183,"column":4},"end":{"line":185,"column":5}},"type":"if","locations":[{"start":{"line":183,"column":4},"end":{"line":185,"column":5}},{"start":{"line":183,"column":4},"end":{"line":185,"column":5}}],"line":183},"17":{"loc":{"start":{"line":187,"column":4},"end":{"line":189,"column":5}},"type":"if","locations":[{"start":{"line":187,"column":4},"end":{"line":189,"column":5}},{"start":{"line":187,"column":4},"end":{"line":189,"column":5}}],"line":187},"18":{"loc":{"start":{"line":191,"column":4},"end":{"line":193,"column":5}},"type":"if","locations":[{"start":{"line":191,"column":4},"end":{"line":193,"column":5}},{"start":{"line":191,"column":4},"end":{"line":193,"column":5}}],"line":191},"19":{"loc":{"start":{"line":194,"column":4},"end":{"line":196,"column":5}},"type":"if","locations":[{"start":{"line":194,"column":4},"end":{"line":196,"column":5}},{"start":{"line":194,"column":4},"end":{"line":196,"column":5}}],"line":194},"20":{"loc":{"start":{"line":197,"column":4},"end":{"line":199,"column":5}},"type":"if","locations":[{"start":{"line":197,"column":4},"end":{"line":199,"column":5}},{"start":{"line":197,"column":4},"end":{"line":199,"column":5}}],"line":197},"21":{"loc":{"start":{"line":200,"column":4},"end":{"line":202,"column":5}},"type":"if","locations":[{"start":{"line":200,"column":4},"end":{"line":202,"column":5}},{"start":{"line":200,"column":4},"end":{"line":202,"column":5}}],"line":200},"22":{"loc":{"start":{"line":203,"column":4},"end":{"line":205,"column":5}},"type":"if","locations":[{"start":{"line":203,"column":4},"end":{"line":205,"column":5}},{"start":{"line":203,"column":4},"end":{"line":205,"column":5}}],"line":203}},"s":{"0":1,"1":1,"2":11,"3":11,"4":11,"5":11,"6":11,"7":13,"8":13,"9":2,"10":2,"11":2,"12":2,"13":1,"14":1,"15":5,"16":1,"17":4,"18":13,"19":1,"20":12,"21":12,"22":12,"23":11,"24":1,"25":1,"26":12,"27":12,"28":12,"29":12,"30":22,"31":22,"32":22,"33":22,"34":37,"35":33,"36":4,"37":29,"38":7,"39":22,"40":22,"41":22,"42":13,"43":13,"44":1,"45":13,"46":1,"47":13,"48":1,"49":13,"50":1,"51":13,"52":1,"53":13,"54":9,"55":13,"56":9,"57":13,"58":1},"f":{"0":11,"1":13,"2":2,"3":2,"4":2,"5":5,"6":13,"7":22,"8":37,"9":29,"10":7,"11":22,"12":13},"b":{"0":[0],"1":[1,1],"2":[2],"3":[1,4],"4":[12],"5":[13],"6":[10],"7":[1,12],"8":[11,1],"9":[1,0],"10":[10],"11":[22,0],"12":[33,4],"13":[0],"14":[0],"15":[22,22],"16":[1,12],"17":[1,12],"18":[1,12],"19":[1,12],"20":[1,12],"21":[9,4],"22":[9,4]},"_coverageSchema":"43e27e138ebf9cfc5966b082cf9a028302ed4184","hash":"b28e6742c14daeca51aad2167fe3744465d8236e"}
,"/Users/erichua/Projects/UnPourTous/trident/library/network/AxiosAdapter.js": {"path":"/Users/erichua/Projects/UnPourTous/trident/library/network/AxiosAdapter.js","statementMap":{"0":{"start":{"line":13,"column":23},"end":{"line":18,"column":1}},"1":{"start":{"line":20,"column":11},"end":{"line":20,"column":24}},"2":{"start":{"line":21,"column":25},"end":{"line":23,"column":1}},"3":{"start":{"line":22,"column":2},"end":{"line":22,"column":42}},"4":{"start":{"line":25,"column":21},"end":{"line":25,"column":30}},"5":{"start":{"line":27,"column":4},"end":{"line":27,"column":28}},"6":{"start":{"line":28,"column":4},"end":{"line":28,"column":42}},"7":{"start":{"line":33,"column":4},"end":{"line":44,"column":5}},"8":{"start":{"line":34,"column":27},"end":{"line":34,"column":42}},"9":{"start":{"line":35,"column":6},"end":{"line":43,"column":7}},"10":{"start":{"line":37,"column":28},"end":{"line":37,"column":75}},"11":{"start":{"line":38,"column":31},"end":{"line":38,"column":56}},"12":{"start":{"line":39,"column":25},"end":{"line":39,"column":47}},"13":{"start":{"line":40,"column":8},"end":{"line":40,"column":40}},"14":{"start":{"line":41,"column":13},"end":{"line":43,"column":7}},"15":{"start":{"line":42,"column":8},"end":{"line":42,"column":73}},"16":{"start":{"line":46,"column":4},"end":{"line":55,"column":5}},"17":{"start":{"line":47,"column":23},"end":{"line":47,"column":51}},"18":{"start":{"line":49,"column":24},"end":{"line":49,"column":114}},"19":{"start":{"line":50,"column":6},"end":{"line":54,"column":7}},"20":{"start":{"line":51,"column":8},"end":{"line":51,"column":63}},"21":{"start":{"line":53,"column":8},"end":{"line":53,"column":50}},"22":{"start":{"line":59,"column":4},"end":{"line":64,"column":6}},"23":{"start":{"line":60,"column":6},"end":{"line":63,"column":16}},"24":{"start":{"line":61,"column":8},"end":{"line":61,"column":66}},"25":{"start":{"line":62,"column":8},"end":{"line":62,"column":25}},"26":{"start":{"line":68,"column":21},"end":{"line":68,"column":50}},"27":{"start":{"line":69,"column":4},"end":{"line":69,"column":47}},"28":{"start":{"line":70,"column":4},"end":{"line":76,"column":6}}},"fnMap":{"0":{"name":"(anonymous_0)","decl":{"start":{"line":21,"column":25},"end":{"line":21,"column":26}},"loc":{"start":{"line":21,"column":43},"end":{"line":23,"column":1}},"line":21},"1":{"name":"(anonymous_1)","decl":{"start":{"line":26,"column":2},"end":{"line":26,"column":3}},"loc":{"start":{"line":26,"column":17},"end":{"line":29,"column":3}},"line":26},"2":{"name":"(anonymous_2)","decl":{"start":{"line":31,"column":2},"end":{"line":31,"column":3}},"loc":{"start":{"line":31,"column":19},"end":{"line":65,"column":3}},"line":31},"3":{"name":"(anonymous_3)","decl":{"start":{"line":59,"column":23},"end":{"line":59,"column":24}},"loc":{"start":{"line":59,"column":44},"end":{"line":64,"column":5}},"line":59},"4":{"name":"(anonymous_4)","decl":{"start":{"line":60,"column":42},"end":{"line":60,"column":43}},"loc":{"start":{"line":60,"column":56},"end":{"line":63,"column":7}},"line":60},"5":{"name":"(anonymous_5)","decl":{"start":{"line":67,"column":2},"end":{"line":67,"column":3}},"loc":{"start":{"line":67,"column":43},"end":{"line":77,"column":3}},"line":67}},"branchMap":{"0":{"loc":{"start":{"line":33,"column":4},"end":{"line":44,"column":5}},"type":"if","locations":[{"start":{"line":33,"column":4},"end":{"line":44,"column":5}},{"start":{"line":33,"column":4},"end":{"line":44,"column":5}}],"line":33},"1":{"loc":{"start":{"line":35,"column":6},"end":{"line":43,"column":7}},"type":"if","locations":[{"start":{"line":35,"column":6},"end":{"line":43,"column":7}},{"start":{"line":35,"column":6},"end":{"line":43,"column":7}}],"line":35},"2":{"loc":{"start":{"line":35,"column":10},"end":{"line":35,"column":60}},"type":"binary-expr","locations":[{"start":{"line":35,"column":10},"end":{"line":35,"column":33}},{"start":{"line":35,"column":37},"end":{"line":35,"column":60}}],"line":35},"3":{"loc":{"start":{"line":41,"column":13},"end":{"line":43,"column":7}},"type":"if","locations":[{"start":{"line":41,"column":13},"end":{"line":43,"column":7}},{"start":{"line":41,"column":13},"end":{"line":43,"column":7}}],"line":41},"4":{"loc":{"start":{"line":46,"column":4},"end":{"line":55,"column":5}},"type":"if","locations":[{"start":{"line":46,"column":4},"end":{"line":55,"column":5}},{"start":{"line":46,"column":4},"end":{"line":55,"column":5}}],"line":46},"5":{"loc":{"start":{"line":50,"column":6},"end":{"line":54,"column":7}},"type":"if","locations":[{"start":{"line":50,"column":6},"end":{"line":54,"column":7}},{"start":{"line":50,"column":6},"end":{"line":54,"column":7}}],"line":50}},"s":{"0":1,"1":1,"2":1,"3":16,"4":11,"5":11,"6":11,"7":12,"8":2,"9":2,"10":1,"11":1,"12":1,"13":1,"14":1,"15":1,"16":10,"17":9,"18":9,"19":9,"20":2,"21":2,"22":8,"23":8,"24":7,"25":7,"26":7,"27":7,"28":7},"f":{"0":16,"1":11,"2":12,"3":8,"4":7,"5":7},"b":{"0":[2,10],"1":[1,1],"2":[2,1],"3":[1,0],"4":[9,1],"5":[2,7]},"_coverageSchema":"43e27e138ebf9cfc5966b082cf9a028302ed4184","hash":"f32f185e6f6639062019df1e13da648d2b982eea"}
}
