TN:
SF:/Users/erichua/Projects/UnPourTous/trident/library/network/APIClient.js
FN:24,(anonymous_0)
FN:42,(anonymous_1)
FN:57,(anonymous_2)
FN:62,(anonymous_3)
FN:72,(anonymous_4)
FN:80,(anonymous_5)
FN:103,(anonymous_6)
FN:136,(anonymous_7)
FN:142,(anonymous_8)
FN:149,(anonymous_9)
FN:150,(anonymous_10)
FN:171,(anonymous_11)
FN:180,(anonymous_12)
FNF:13
FNH:13
FNDA:11,(anonymous_0)
FNDA:13,(anonymous_1)
FNDA:2,(anonymous_2)
FNDA:2,(anonymous_3)
FNDA:2,(anonymous_4)
FNDA:5,(anonymous_5)
FNDA:13,(anonymous_6)
FNDA:22,(anonymous_7)
FNDA:37,(anonymous_8)
FNDA:29,(anonymous_9)
FNDA:7,(anonymous_10)
FNDA:22,(anonymous_11)
FNDA:13,(anonymous_12)
DA:7,1
DA:18,1
DA:21,11
DA:22,11
DA:25,11
DA:38,11
DA:39,11
DA:43,13
DA:47,13
DA:58,2
DA:59,2
DA:63,2
DA:73,2
DA:74,1
DA:76,1
DA:81,5
DA:82,1
DA:87,4
DA:104,13
DA:105,1
DA:108,12
DA:110,12
DA:111,12
DA:112,11
DA:113,1
DA:114,1
DA:117,12
DA:118,12
DA:120,12
DA:127,12
DA:137,22
DA:138,22
DA:140,22
DA:141,22
DA:143,37
DA:144,33
DA:146,4
DA:149,29
DA:150,7
DA:151,22
DA:158,22
DA:172,22
DA:181,13
DA:183,13
DA:184,1
DA:187,13
DA:188,1
DA:191,13
DA:192,1
DA:194,13
DA:195,1
DA:197,13
DA:198,1
DA:200,13
DA:201,9
DA:203,13
DA:204,9
DA:206,13
DA:212,1
LF:59
LH:59
BRDA:72,0,0,0
BRDA:73,1,0,1
BRDA:73,1,1,1
BRDA:80,2,0,2
BRDA:81,3,0,1
BRDA:81,3,1,4
BRDA:103,4,0,12
BRDA:103,5,0,13
BRDA:103,6,0,10
BRDA:104,7,0,1
BRDA:104,7,1,12
BRDA:111,8,0,11
BRDA:111,8,1,1
BRDA:113,9,0,1
BRDA:113,9,1,0
BRDA:136,10,0,10
BRDA:137,11,0,22
BRDA:137,11,1,0
BRDA:143,12,0,33
BRDA:143,12,1,4
BRDA:150,13,0,0
BRDA:150,14,0,0
BRDA:151,15,0,22
BRDA:151,15,1,22
BRDA:183,16,0,1
BRDA:183,16,1,12
BRDA:187,17,0,1
BRDA:187,17,1,12
BRDA:191,18,0,1
BRDA:191,18,1,12
BRDA:194,19,0,1
BRDA:194,19,1,12
BRDA:197,20,0,1
BRDA:197,20,1,12
BRDA:200,21,0,9
BRDA:200,21,1,4
BRDA:203,22,0,9
BRDA:203,22,1,4
BRF:38
BRH:33
end_of_record
TN:
SF:/Users/erichua/Projects/UnPourTous/trident/library/network/AxiosAdapter.js
FN:21,(anonymous_0)
FN:26,(anonymous_1)
FN:31,(anonymous_2)
FN:59,(anonymous_3)
FN:60,(anonymous_4)
FN:67,(anonymous_5)
FNF:6
FNH:6
FNDA:16,(anonymous_0)
FNDA:11,(anonymous_1)
FNDA:12,(anonymous_2)
FNDA:8,(anonymous_3)
FNDA:7,(anonymous_4)
FNDA:7,(anonymous_5)
DA:13,1
DA:20,1
DA:21,1
DA:22,16
DA:25,11
DA:27,11
DA:28,11
DA:33,12
DA:34,2
DA:35,2
DA:37,1
DA:38,1
DA:39,1
DA:40,1
DA:41,1
DA:42,1
DA:46,10
DA:47,9
DA:49,9
DA:50,9
DA:51,2
DA:53,2
DA:59,8
DA:60,8
DA:61,7
DA:62,7
DA:68,7
DA:69,7
DA:70,7
LF:29
LH:29
BRDA:33,0,0,2
BRDA:33,0,1,10
BRDA:35,1,0,1
BRDA:35,1,1,1
BRDA:35,2,0,2
BRDA:35,2,1,1
BRDA:41,3,0,1
BRDA:41,3,1,0
BRDA:46,4,0,9
BRDA:46,4,1,1
BRDA:50,5,0,2
BRDA:50,5,1,7
BRF:12
BRH:11
end_of_record
